SF:lib/data/models/product_model.g.dart
DA:13,0
DA:15,0
DA:16,0
DA:17,0
DA:19,0
DA:20,0
DA:21,0
DA:22,0
DA:23,0
DA:24,0
DA:25,0
DA:26,0
DA:30,0
DA:33,0
DA:34,0
DA:35,0
DA:36,0
DA:37,0
DA:38,0
DA:39,0
DA:40,0
DA:41,0
DA:42,0
DA:43,0
DA:44,0
DA:45,0
DA:46,0
DA:47,0
DA:50,0
DA:51,0
DA:53,0
DA:56,0
DA:57,0
DA:58,0
LF:34
LH:0
end_of_record
SF:lib/data/models/product_model.dart
DA:32,1
DA:41,2
DA:42,1
DA:43,1
DA:44,2
DA:45,1
DA:46,1
DA:47,1
DA:48,2
DA:50,0
DA:51,0
DA:52,0
DA:53,0
DA:54,0
DA:55,0
DA:56,0
DA:57,0
LF:17
LH:9
end_of_record
SF:lib/core/base_model.dart
DA:4,0
LF:1
LH:0
end_of_record
SF:lib/data/datasources/product_local_data_source.dart
DA:18,0
DA:21,0
DA:22,0
DA:23,0
DA:25,0
DA:30,0
DA:32,0
DA:35,0
DA:37,0
DA:38,0
DA:39,0
DA:40,0
DA:41,0
DA:45,0
DA:47,0
LF:15
LH:0
end_of_record
SF:lib/data/datasources/product_remote_data_source.dart
DA:17,0
DA:19,0
DA:23,0
DA:25,0
DA:26,0
DA:28,0
DA:32,0
LF:7
LH:0
end_of_record
SF:lib/data/models/rating_model.g.dart
DA:13,0
DA:15,0
DA:16,0
DA:17,0
DA:19,0
DA:20,0
DA:21,0
DA:25,0
DA:28,0
DA:29,0
DA:30,0
DA:31,0
DA:32,0
DA:35,0
DA:36,0
DA:38,0
DA:41,0
DA:42,0
DA:43,0
LF:19
LH:0
end_of_record
SF:lib/data/models/rating_model.dart
DA:13,1
DA:17,2
DA:18,2
DA:19,1
DA:22,0
DA:23,0
DA:24,0
LF:7
LH:4
end_of_record
SF:lib/data/repositories/product_repository.dart
DA:12,0
DA:13,0
DA:14,0
DA:15,0
DA:16,0
LF:5
LH:0
end_of_record
